<?xml version="1.0" encoding="UTF-8"?>
<testng-results ignored="0" total="1" passed="1" failed="0" skipped="0">
  <reporter-output>
  </reporter-output>
  <suite started-at="2024-01-15T08:50:49 GMT-08:00" name="Default suite" finished-at="2024-01-15T08:51:21 GMT-08:00" duration-ms="32202">
    <groups>
      <group name="cucumber">
        <method signature="AbstractTestNGCucumberTests.runScenario(io.cucumber.testng.PickleWrapper,io.cucumber.testng.FeatureWrapper)[pri:0, instance:TestRunner.RunnerTest@78e4deb0]" name="runScenario" class="io.cucumber.testng.AbstractTestNGCucumberTests"/>
      </group> <!-- cucumber -->
    </groups>
    <test started-at="2024-01-15T08:50:49 GMT-08:00" name="Default test" finished-at="2024-01-15T08:51:21 GMT-08:00" duration-ms="32202">
      <class name="TestRunner.RunnerTest">
        <test-method is-config="true" signature="setUpClass()[pri:0, instance:TestRunner.RunnerTest@78e4deb0]" started-at="2024-01-15T08:50:49 GMT-08:00" name="setUpClass" finished-at="2024-01-15T08:50:51 GMT-08:00" duration-ms="2206" status="PASS">
          <reporter-output>
          </reporter-output>
        </test-method> <!-- setUpClass -->
        <test-method signature="runScenario(io.cucumber.testng.PickleWrapper,io.cucumber.testng.FeatureWrapper)[pri:0, instance:TestRunner.RunnerTest@78e4deb0]" started-at="2024-01-15T08:50:51 GMT-08:00" name="runScenario" description="Runs Cucumber Scenarios" data-provider="scenarios" finished-at="2024-01-15T08:51:18 GMT-08:00" duration-ms="26645" status="PASS">
          <params>
            <param index="0">
              <value>
                <![CDATA["Test Register Functionality"]]>
              </value>
            </param>
            <param index="1">
              <value>
                <![CDATA["Optional[Test Guru99 Application]"]]>
              </value>
            </param>
          </params>
          <reporter-output>
          </reporter-output>
        </test-method> <!-- runScenario -->
        <test-method is-config="true" signature="tearDownClass()[pri:0, instance:TestRunner.RunnerTest@78e4deb0]" started-at="2024-01-15T08:51:18 GMT-08:00" name="tearDownClass" finished-at="2024-01-15T08:51:21 GMT-08:00" duration-ms="3217" status="PASS">
          <reporter-output>
          </reporter-output>
        </test-method> <!-- tearDownClass -->
      </class> <!-- TestRunner.RunnerTest -->
    </test> <!-- Default test -->
  </suite> <!-- Default suite -->
</testng-results>
